0 info it worked if it ends with ok
1 verbose cli [ 'D:\\nodeJs-6.10.2\\node.exe',
1 verbose cli   'D:\\nodeJs-6.10.2\\node_modules\\npm\\bin\\npm-cli.js',
1 verbose cli   'start' ]
2 info using npm@3.10.10
3 info using node@v6.10.2
4 verbose run-script [ 'prestart', 'start', 'poststart' ]
5 info lifecycle helloworld@0.0.0~prestart: helloworld@0.0.0
6 silly lifecycle helloworld@0.0.0~prestart: no script for prestart, continuing
7 info lifecycle helloworld@0.0.0~start: helloworld@0.0.0
8 verbose lifecycle helloworld@0.0.0~start: unsafe-perm in lifecycle true
9 verbose lifecycle helloworld@0.0.0~start: PATH: D:\nodeJs-6.10.2\node_modules\npm\bin\node-gyp-bin;D:\gallery\helloworld\node_modules\.bin;C:\Users\Administrator\bin;D:\git2.12\Git\mingw64\bin;D:\git2.12\Git\usr\local\bin;D:\git2.12\Git\usr\bin;D:\git2.12\Git\usr\bin;D:\git2.12\Git\mingw64\bin;D:\git2.12\Git\usr\bin;C:\Users\Administrator\bin;C:\Program Files (x86)\Common Files\NetSarang;C:\Windows\system32;C:\Windows;C:\Windows\System32\Wbem;C:\Windows\System32\WindowsPowerShell\v1.0;C:\Program Files\Java\jdk1.7.0_67\bin;D:\jdk1.7.8\bin;D:\Server\maven\bin;D:\git2.12\Git\cmd;D:\nodeJs-6.10.2;D:\git2.12\Git\usr\bin\vendor_perl;D:\git2.12\Git\usr\bin\core_perl
10 verbose lifecycle helloworld@0.0.0~start: CWD: D:\gallery\helloworld
11 silly lifecycle helloworld@0.0.0~start: Args: [ '/d /s /c', 'node ./bin/www' ]
12 verbose stack Error: kill ENOSYS
12 verbose stack     at exports._errnoException (util.js:1018:11)
12 verbose stack     at process.kill (internal/process.js:190:13)
12 verbose stack     at process.listener (D:\nodeJs-6.10.2\node_modules\npm\node_modules\npmlog\node_modules\gauge\node_modules\signal-exit\index.js:86:15)
12 verbose stack     at emitNone (events.js:91:20)
12 verbose stack     at process.emit (events.js:185:7)
12 verbose stack     at processEmit (D:\nodeJs-6.10.2\node_modules\npm\node_modules\npmlog\node_modules\gauge\node_modules\signal-exit\index.js:146:32)
12 verbose stack     at processEmit (D:\nodeJs-6.10.2\node_modules\npm\node_modules\npm-registry-client\node_modules\npmlog\node_modules\gauge\node_modules\signal-exit\index.js:146:32)
12 verbose stack     at Signal.wrap.onsignal (internal/process.js:217:44)
13 verbose cwd D:\gallery\helloworld
14 error Windows_NT 6.1.7601
15 error argv "D:\\nodeJs-6.10.2\\node.exe" "D:\\nodeJs-6.10.2\\node_modules\\npm\\bin\\npm-cli.js" "start"
16 error node v6.10.2
17 error npm  v3.10.10
18 error code ENOSYS
19 error errno ENOSYS
20 error syscall kill
21 error kill ENOSYS
22 error If you need help, you may report this error at:
22 error     <https://github.com/npm/npm/issues>
23 verbose exit [ 1, true ]
